TN:
SF:bad.js
FN:2,<instance_members_initializer>
FNF:2
FNH:1
FNDA:1,<instance_members_initializer>
DA:1,2
DA:2,2
DA:3,1
DA:4,2
DA:5,2
LF:5
LH:5
BRDA:1,0,0,2
BRDA:2,1,0,1
BRDA:2,2,0,1
BRF:3
BRH:3
end_of_record
TN:
SF:good.js
FN:2,<instance_members_initializer>
FN:2,method
FNF:2
FNH:2
FNDA:1,<instance_members_initializer>
FNDA:1,method
DA:1,2
DA:2,2
DA:3,1
DA:4,2
DA:5,2
LF:5
LH:5
BRDA:1,0,0,2
BRDA:2,1,0,1
BRDA:2,2,0,1
BRF:3
BRH:3
end_of_record
TN:
SF:index.js
FNF:0
FNH:0
DA:1,2
DA:2,2
LF:2
LH:2
BRDA:1,0,0,2
BRF:1
BRH:1
end_of_record
